<?xml version="1.0" encoding="UTF-8"?>
<robot generator="Robot 6.0.2 (Python 3.11.0 on win32)" generated="20230128 13:28:41.583" rpa="false" schemaversion="3">
<suite id="s1" name="5 Petle" source="C:\Users\vdi-student\PycharmProjects\robot\5_petle.robot">
<test id="s1-t1" name="For Loop In Dictionary" line="9">
<kw name="Log" library="BuiltIn">
<arg>${dictionary}</arg>
<doc>Logs the given message with the given level.</doc>
<msg timestamp="20230128 13:28:41.633" level="INFO">{'slowo': 'piesek', 'numer': '30', 'lista': ['pierwszy', 'drugi', 'trzeci', 'czwarty', 'piąty']}</msg>
<status status="PASS" starttime="20230128 13:28:41.633" endtime="20230128 13:28:41.633"/>
</kw>
<for flavor="IN">
<var>${values}</var>
<value>&amp;{dictionary}</value>
<iter>
<var name="${values}">('slowo', 'piesek')</var>
<kw name="Log" library="BuiltIn">
<arg>${values}</arg>
<doc>Logs the given message with the given level.</doc>
<msg timestamp="20230128 13:28:41.633" level="INFO">('slowo', 'piesek')</msg>
<status status="PASS" starttime="20230128 13:28:41.633" endtime="20230128 13:28:41.633"/>
</kw>
<status status="PASS" starttime="20230128 13:28:41.633" endtime="20230128 13:28:41.633"/>
</iter>
<iter>
<var name="${values}">('numer', '30')</var>
<kw name="Log" library="BuiltIn">
<arg>${values}</arg>
<doc>Logs the given message with the given level.</doc>
<msg timestamp="20230128 13:28:41.638" level="INFO">('numer', '30')</msg>
<status status="PASS" starttime="20230128 13:28:41.633" endtime="20230128 13:28:41.638"/>
</kw>
<status status="PASS" starttime="20230128 13:28:41.633" endtime="20230128 13:28:41.638"/>
</iter>
<iter>
<var name="${values}">('lista', ['pierwszy', 'drugi', 'trzeci', 'czwarty', 'piąty'])</var>
<kw name="Log" library="BuiltIn">
<arg>${values}</arg>
<doc>Logs the given message with the given level.</doc>
<msg timestamp="20230128 13:28:41.638" level="INFO">('lista', ['pierwszy', 'drugi', 'trzeci', 'czwarty', 'piąty'])</msg>
<status status="PASS" starttime="20230128 13:28:41.638" endtime="20230128 13:28:41.638"/>
</kw>
<status status="PASS" starttime="20230128 13:28:41.638" endtime="20230128 13:28:41.638"/>
</iter>
<status status="PASS" starttime="20230128 13:28:41.633" endtime="20230128 13:28:41.638"/>
</for>
<status status="PASS" starttime="20230128 13:28:41.628" endtime="20230128 13:28:41.638"/>
</test>
<status status="PASS" starttime="20230128 13:28:41.583" endtime="20230128 13:28:41.638"/>
</suite>
<statistics>
<total>
<stat pass="1" fail="0" skip="0">All Tests</stat>
</total>
<tag>
</tag>
<suite>
<stat pass="1" fail="0" skip="0" id="s1" name="5 Petle">5 Petle</stat>
</suite>
</statistics>
<errors>
</errors>
</robot>
